314589342
487996273
499543696
237769772
741145868
48474689
528778195
977586688
323051766
446492529
901991299
96832743
969600657
443458442
669578177
420982337
770187461
561487855
603811352
841216563
336928252
318519971
215469271
174776957
259195842
78724329
938809446
921968897
655056771
534753597
829709976
403954430
256307115
222321508
16283985
781492535
809104059
546869899
885057685
175788237
2689014
346808391
842139240
391436104
569774066
582276220
543916429
242024557
517768696
449579354
919469688
631191856
246206027
353613794
488556100
143678216
788129938
175040915
432789719
395608288
519762735
928705022
9813738
668494475
802122834
330347317
655240078
940269234
297485127
444166846
241198166
110294497
875098688
78628272
789214661
658325917
338546381
407904877
423110757
551939617
375177435
18593069
245267568
32109570
215381830
826942025
599693050
644584294
363798317
141795074
862387316
918560179
473173802
51837838
570529418
917097427
889294284
603941407
769850687
492506712
489083235
451106245
169073658
707665000
508422260
60589919
549945611
908969151
646737438
553290935
729480567
523038971
239254078
53934812
472064379
641685458
387637410
912561867
677293830
558733195
323882250
311155382
176751274
551441084
822966571
286326579
621070095
284684962
739325338
420630919
344256905
831074182
119059479
965187032
939532859
752416944
59645687
793290214
546218956
562388496
136874137
955152704
164517701
20135755
96624959
918997186
947993586
778451509
807078281
150574156
877292635
108486818
492524562
945438801
755154054
713829227
223686286
336010312
294959286
839848994
244428120
714512957
567778216
517653510
500730429
966950700
903229480
117219456
354256346
779431569
786725994
188754482
900583207
472366765
449228392
505843177
854484481
426710164
913398311
443224427
270437765
279911509
480161983
941716172
745418272
15113471
91927359
226468607
756473815
245256954
892250478
236761487
808442273
35466516
519772673
563533538
276475699
830442107
650432736
504906515
876024880
71801707
506636839
296764991
134742986
897433620
86892819
80738360
117712646
359449254
736532952
266508069
454026934
719590054
719839691
773833683
754423662
694218531
949838321
214285723
657593209
525155068
187980627
536400828
929728985
65466837
41272758
989490174
167346989
7736122
790722416
180868315
210139210
4871311
402189077
545131605
968201359
140490054
596561691
520704340
95884734
635645372
626456972
948817258
846079901
474661264
918277539
450874482
915937329
117033516
70401450
5995709
259481082
359858962
471488471
243264262
343684159
792440399
599885680
872309644
650066265
806986991
13896027
748302775
2949909
699874639
80935847
965040592
801117705
999869737
225307971
139703623
635894291
68184948
923872598
433091683
724736669
620595328
66034972
45564865
193966195
388762906
224706772
247398763
838350494
254819393
68957778
887876945
758865695
845280755
715898020
527997382
153902990
265555745
379735630
974227362
902485677
891730120
88766813
579051991
929511436
634477490
653108477
894110168
684705919
562035637
383479470
405071911
557089920
317649867
502007629
997986246
593653768
709733324
601189968
22099335
282138656
640202488
300857851
199579593
514399884
16247967
568389579
138923613
556154978
910451736
305229571
966319303
834852650
601553989
486839975
536107872
36912694
539711978
405637865
406936259
606366762
702686264
265894751
73584709
526244583
197232694
844260775
79117129
179608495
716923018
517203921
815534570
690943255
444089981
452072646
678561757
420493027
868228683
115829802
446816384
558244728
646631377
540293458
345427664
243102459
74648184
881035930
247181610
703433668
69119557
475481719
151345704
151883603
329401751
571176027
221728861
198927341
348470649
699148737
721723859
987127164
314460695
84826233
338835323
260386942
752015059
273059840
481229290
386928823
324412266
338618560
42985249
716955925
251340523
452351430
946296540
98559192
99983004
862066226
269108879
60437083
211452964
627512117
14782418
442045580
134838350
258057963
935835838
167075648
211955106
894208315
786009576
775719993
64998994
259453592
498674044
949177015
499736212
763896058
474811093
593919835
239024407
546860114
773180108
378131744
20165158
410755291
80363467
765559866
55170368
761368953
70825219
354238164
790003046
547731881
454251234
165233766
459873437
637813190
230426971
23045115
136584106
654329646
614753750
868585060
261514040
830148121
292648438
598462681
413540771
132128354
302139061
679953647
708000854
60201208
138393912
405345798
522830195
204140792
745928981
243567010
737962906
211595208
845858430
109264887
390852116
357422300
636148947
415553604
951620475
496687591
541358631
243530037
686306929
642898984
279076826
248464872
894913597
704221059
172926269
289723944
322032449
29373986
886987129
752209703
197642001
876264014
105327204
165080246
83292969
109112541
782303981
540797196
203428729
665084201
432431721
402154311
89308871
489843794
392230537
425337705
850357444
879388527
141056993
272014675
947747383
543630188
708550838
187745034
292908882
123861419
245664935
438127362
865210272
547942889
630015204
720617543
797271352
8990107
46871851
460543060
862539135
135091704
151799747
840405417
530442253
833127991
804392657
492761151
380485492
268241001
35056101
39388058
820236992
652244490
261238285
781846685
254504361
38621375
963162345
507801373
531226945
684610224
755052516
645530967
193495989
783257087
799932938
298419577
693326861
49308374
975439906
607784323
763834057
310575572
239787497
991351693
937397376
539770364
720474818
305098258
52574298
988133731
786607668
156829946
31903415
160188438
514540509
545203610
1776433
940729126
418990286
438548430
963022784
849597538
153420267
860210850
538784449
644866152
127373857
618951658
384057899
165048633
218947328
676179173
334964086
224438290
132827902
203010632
621769386
925923408
676667125
133465132
593670540
946891186
77308775
59247298
973860442
444081591
147045035
678083102
80627737
256191691
547922071
755543791
131336759
215570483
126210088
99910815
95466811
443662626
486631525
283355655
692442401
964820199
611992260
213880471
916449341
605334880
775597487
730388547
637988466
986814329
794679858
50637687
79731733
352562119
29633596
974089838
924251331
176260744
64716205
195524661
4510024
787478469
549315363
514609462
750935833
467645394
438607173
234572880
485433992
653787824
781260459
839211736
266148996
159820656
975672613
111914758
152420723
84264962
424187913
782767864
703424869
551770448
872755630
567214135
674962695
86006265
975254089
667238900
470698927
721476400
170568428
948436711
372851613
147066748
29711234
678792925
385122554
247984932
630099411
80617337
268225112
28861452
808930031
216823082
308833255
276561238
761442260
380806919
814801440
865618873
513347412
787227028
817306430
228100676
206781456
689381588
258643983
113126219
50233147
707948718
71086849
386696453
745223513
986406082
242751594
145295577
555485565
708168885
879066334
834690482
734950760
200841943
190669988
836357235
391923648
98718215
160626609
852606971
564982272
78828368
327322669
512545770
853916656
944825301
222813711
174206534
93775630
697449685
736708277
587357920
712263219
42833450
402075239
628749589
418072368
824861403
929445185
832136553
834575874
703470444
587770411
228385896
328148972
224088133
975219081
924554116
201551479
650570221
265595999
823244186
330431536
680602276
506503777
981119333
318272616
874781056
597296346
866788704
909873839
795542378
119574139
324535969
253447256
866986780
921118712
394864643
309348453
984696416
260785855
26003644
729657449
231286570
744321635
792322890
570473825
593829871
904114538
672605266
262619308
66677610
996068536
270988935
561947761
571511263
273020669
717500051
384320726
952819372
646285241
491246234
743293565
352376301
669074084
42316434
430897575
202656951
754606227
539596689
563030604
754371203
735662338
34900453
180471859
61091555
598696262
237596830
961500283
446477283
379476522
359637111
327551200
232638948
125201762
706508930
530063156
483979354
463821315
830485088
215894479
833485339
727379781
855460482
165698106
131329322
926832126
687297568
545700662
844669469
927482872
799170916
693659321
924267542
345366191
772424727
729481854
166914556
216009960
772232176
120414033
607174327
281666354
246339839
303914142
48729532
400228551
367869253
964396771
964938447
168065091
693522104
30161561
573015786
908607510
118709968
271639054
856025503
830284025
132518429
443161485
526900254
504999286
807103008
436053305
537582857
658444508
880486235
887505241
830385703
348171509
72364617
229982443
988552616
617375840
143176968
81834675
934305996
239551941
7278772
418924628
223714288
923553841
215554561
339612808
583416757
45342628
916039370
155946639
685456787
590221134
463241483
761590951
176615919
42174537
367859328
590533013
28043109
523255310
380413700
828026058
37115879
561135954
471348461
359991635
380936581
713146526
729085070
636577438
753670017
403228182
176063909
55273625
725607994
847952293
735502803
398112987
765175408
86471403
32011287
967049003
555398498
359896195
605327267
792261270
421994616
421026303
859774777
145116042
708873612
623462546
618271934
421210112
909137950
192237201
804282627
576063917
616380788
448515830
747570528
151426296
958098035
612040225
677243407
304511903
82882366
383663138
890640792
330977043
766305262
182182977
681567988
601239402
526404226
739924667
487408881
235881675
417976165
749255219
672036985
958500641
614053593
865609028
73196034
92206102
256421839
75392896
958419012
490906236
836994378
64347771
793023183
709047718
313458309
13466846
475272261
511750250
793068254
365186374
900063483
182786979
82933266
691589133
292067434
292144631
273837691
71686369
368580684
305805562
175483011
320567757
419086837
603146861
413275037
446748776
433775510
361312656
901902187
254868288
821313658
850275452
53088804
74728442
101740252
858607956
722782204
786602561
334544117
990710517
33964591
612920802
428920980
933517100
526377050
66876857
703564328
462568612
456424435
664611842
727962095
935126412
244021551
219390493
43911164
63071924
731115862
880568181
376884984
479601417
310304003
23982792
992994451
96969335
358870885
405134740
779889368
256386145
553268442
991817241
719740579
675180464
462369709
683629145
937310330
541594154
87773332
307139146
604920112
44457803
240251811
577464825
246205778
351003785
227662635
308825232
50605033
497113479
580061035
394496382
599367570
661335453
386456700
783763754
723467258
912312919
811029943
776315383
704754752
68067668
127055063
472743003
201244552
558528646
771503922
637268159
745166467
218049639
179625070
660239691
899971032
527639911
486063785
41718030
628893630
654899413
962222097
744869976
375844930
384848914
246038908
729397343
894322203
762471284
95156398
205894280
760200762
362515783
848718689
736594976
976263630
340484252
578116648
26765307
172407916
760169100
834400408
61673579
683731171
999546222
450169162
100643833
328634364
645386608
199547221
137037326
117555013
486715788
335087166
351355582
484788435
302539221
885879289
606266848
755764288
196698626
414258700
628757571
208972749
863320701
173285480
960954942
198200170
584698927
162063302
426640066
216588312
82144860
638383097
240240056
775343723
461114409
515058497
102027096
63663391
975288325
551041294
79652135
69633664
664624231
330977537
639440987
809517629
480133061
159670363
218020358
377300203
188750813
609456618
839859343
969656350
563850315
176104519
780233288
446276353
245985109
255981364
463315852
974592837
917119748
852729516
82053433
622403644
150261141
620642357
285884215
256165584
178189290
852326919
488936966
363020721
114831036
925767203
596519638
416681199
831752498
724141648
840404607
779566043
938762924
370071257
63818019
703791842
963171185
982049579
211638244
222706428
239904211
279506958
53540347
863831530
541940231
518097225
667077447
410564156
586587554
258498923
443105256
806610045
199797442
612534190
142681859
59811882
37741897
47009869
918707885
278044993
851953087
695083413
536050268
107613295
725194220
976172090
595637821
719473753
324114934
603934081
961315703
622685416
722577044
837221832
503626101
423148213
709361718
127284130
637930435
921833353
342621698
483871788
10654937
828311930
905229151
921794883
789799037
296025453
173939727
41432463
422854982
449478271
879923026
28364273
894614120
476960273
299777843
723729578
315707747
514610370
387635122
387800394
866224030
863183964
151997407
798474088
201989824
177884697
330684294
964340263
52786728
50223083
986717236
80469102
558321970
149843136
467561083
171854212
467839224
795594340
898396376
401889735
200338334
201759138
170597062
191879665
622137352
213114503
174569822
411583743
455573148
304748535
529724438
307352400
171146
428134987
88037546
195191114
54883669
411606822
509243196
676431238
351774170
610935452
671205672
305848173
259568171
177325494
927173580
272715773
304927702
56545510
954271562
413530773
407821166
357223745
23757588
317786713
873621410
405384381
940814199
669908560
343147071
170658871
669638802
189637515
756002597
326096130
191196016
178170462
311384416
812368167
626919621
437724324
530675853
417672250
123525362
267919312
515672352
584663063
687906347
396220798
954802508
517943937
816055757
996845315
419008496
828805606
339616160
396234221
851571019
142700139
141052174
710552153
291352985
376973198
444885093
779754573
9591203
995139520
125856450
1655080
158887660
310855052
401232741
731843559
972555885
432201315
495351587
410644684
459298629
72545495
551335370
619934525
763016039
413555318
979991508
295316020
931010751
210474389
388380565
243631195
239406913
540367902
758874768
704218408
128826558
312379649
250798187
358582174
507517601
396133338
509503784
403183484
20328089
318277451
299354089
801874328
566730507
362530370
984041456
292873807
748946210
606134994
588674266
78779122
891396633
768503119
873744203
499017022
388092720
758199747
754724875
214516612
352046221
528587839
522017285
961234624
111950966
44528972
7604591
752307734
743627990
105001311
953529658
115761091
78812456
449984531
715112453
313200194
671644770
420327129
761321949
516423409
644947616
63024087
958390011
488053839
8568209
355949224
410217000
575684029
895120574
798293232
823976402
284151226
738373743
787755999
299491401
277076137
231644182
239613277
187779502
874222638
152213680
881605215
484256471
828851244
772285943
287670020
245302098
800778308
481381866
529317452
614232098
690278207
607459413
947011093
165839660
352674642
863722302
628439919
327983211
950919197
322760142
810522127
865290612
336677949
956670014
237813748
459798271
871696305
370508142
354245598
831755460
93243114
497008000
988239406
978069156
9908858
786361291
257709292
333127747
652545638
399513970
259615731
871289238
114015806
948515926
735829084
219507447
759308208
93395766
919404945
788730100
503418343
847709498
57022457
75422062
523472133
762982160
919220913
801972201
507174428
155879008
4093747
664309152
497793350
440593300
260507786
232098707
19134233
607949817
74045869
767660250
670813217
481096435
895754797
970145301
432472610
637067261
898589925
824964524
112162238
830075373
785916675
93255841
334415249
785598255
277091158
685620717
559339223
167185853
663704993
841641098
853065512
375419520
853560201
119668230
201247587
625902736
269979534
461959177
499302015
692601977
853795502
430169303
762890937
902479503
150470626
285085211
650010936
535654775
669513844
384326486
480668132
98071909
821030353
549534742
587555859
24903203
898623760
476414064
376738700
771829572
864547876
434481578
261421302
927272250
432938573
54379966
398668752
943337706
961387207
468394717
787296707
694592976
645128599
540488607
162780868
555536787
401626605
130577180
583171533
471965289
11892508
739537342
174826312
351809152
713553522
803905903
402868322
70769693
130611754
729007452
358303826
719274923
205040827
439471258
196941043
471823448
381384605
423093234
210307970
737959521
513390834
590285587
57795310
175082187
416797233
757007862
864484783
789221326
770503571
283391231
556126644
239256111
592221811
207796938
749828093
368553107
482266666
178169140
343554613
205507657
975484901
313896846
283235969
226749338
989865548
90821099
775276704
50333824
843429863
194056879
896255996
654297220
783907529
574276738
652517450
184969597
616231994
620458869
384338871
47618804
324581463
254364245
359430684
342273104
449515957
249279419
452835726
653114975
574881088
713198929
432773620
944658505
553165341
591798919
887199747
451510604
912645313
897514940
954859573
800749279
926676964
820700586
692764122
92871209
793801239
367565344
355363113
660358922
716081794
642670808
153488299
849596321
264429736
627922546
670899352
801900933
150155454
386577539
265662255
27252468
320061465
898604647
726262619
191514614
654906164
328794648
344087679
971378768
304267711
781924153
535128875
116361898
116835394
902479210
146004119
390334111
975223078
699074325
646316437
177877373
452814334
367607990
220452261
59807330
77135121
122395163
869003578
134182311
674970825
943375703
234750645
615545221
148103818
226670711
611700796
938021290
313299811
442075072
402962634
767766235
141512618
809942989
101336403
111874328
965485032
855046968
922516951
586004196
646294696
961859609
519435099
275435878
52357402
812703235
977584157
642048322
407844137
223297243
120826549
208745522
983275149
305652082
817361665
953309702
59886838
130335103
449329986
162050111
399344323
243103824
145833239
884040777
241257424
248452314
499110935
742015050
3659933
463186198
315987657
618903882
134654575
959943218
704693910
139162864
399448532
806133880
907296611
467722889
103266033
146610318
103554029
638779667
531810558
873825524
616685534
624153086
317846662
735393668
190488444
874820847
390629063
92624107
856974293
524976877
359942969
345951405
233619076
227911467
566168389
650657569
39426077
908380551
624387038
754822934
78603254
390133771
826891242
805294316
988902272
475928916
445573922
625092099
151239325
214523803
323182520
83570496
210573728
666761545
357446242
801572735
498833767
710755438
950643292
551948794
206216343
65460079
328390608
330999005
81758675
114584612
568042088
738992146
262173920
982462152
717930803
397262440
971357965
374853804
766856193
246839477
890931499
559746012
28621205
806520285
849017016
868264338
478410674
62060218
21147640
945596802
439543445
326563116
689782359
762351941
836063567
622858131
149305465
37091005
888957666
67132288
958855318
637396435
1292747
490900222
441492196
584130911
253033811
47156957
537375156
227035069
649627652
336488172
779260876
145328269
148659889
318137114
661596770
426823272
114952587
81442093
948578406
657848756
537948251
57376760
257134629
718538159
275588838
600387214
770833097
173548514
253764195
729244775
419098148
390109951
801830079
933276461
970726360
995818744
107467598
653508862
37998774
299981194
564836798
14087023
343533151
795832582
4041402
870140453
16805514
620016069
936957546
920617853
80514752
769678005
182826290
501031197
349027003
849997731
460077240
758630923
822168353
701820820
50333722
198104839
569418520
17572800
912574187
388037906
702605063
746104420
483023139
429913418
465080558
571993186
617000916
595354749
565081317
619110604
818191100
140810264
329248053
621300460
89836272
398643885
746083633
354418220
397065553
322986716
340434920
723288319
151803380
836324280
302306870
988278027
833371574
508149542
43685381
455044778
940626486
818640910
815811519
452593786
612997997
666627292
369934592
416314891
181974956
144771540
993633854
711819015
283451511
923648708
238656822
442971673
813762029
192876154
207026691
509611701
890274150
865487247
747942373
527714124
287743578
700989473
133315688
436586586
906376386
39377511
962600416
930652688
511349061
296552523
400763179
909540177
559663120
831290337
404731861
326691905
167489745
986343732
138685414
403528808
869354621
212592981
713559601
303791554
539577924
90925958
84454859
327193598
989030116
251154990
109766591
977082842
262929531
243456181
164550993
602600960
217825305
976430883
723949400
541812182
88100045
107883148
800650373
556685017
344964621
805581432
613152014
857401655
209631043
159967352
521774898
385925672
958075652
985701693
136502374
424818197
755965635
353330485
638812264
319248639
209445697
445094443
716822825
472169610
475245231
789742300
92575174
829470394
525200880
793406613
879051415
284243421
495407895
906028004
51034526
672293902
572249198
993596423
697857335
405380052
812696303
167792908
516790813
646538319
64538941
527571732
308545504
569062751
395843148
60336295
545768615
60937773
922306557
900506719
654136830
760352515
642936507
909327883
692632687
709780145
17347242
364133254
903751088
565675936
548732333
663182895
210080035
849710191
220513932
781697578
393992510
248928606
54313335
397738857
762565963
249733848
269649861
24041261
696587032
452969165
807840043
612961218
342655081
685624655
281699461
260110966
653967464
989011935
616491634
31722665
126157787
238527671
83272916
471837991
477629612
3212703
634434131
163936073
419328316
629842491
47260127
231378401
608849892
968391412
539304631
901337470
35142268
103227407
140851580
548109740
357721056
590745492
347764297
454825960
835989249
160565637
139091485
623414494
557245643
769875605
983472469
285355491
430856507
323249140
843764911
643382897
483538452
227461382
751346733
91066568
535012740
397914911
513388555
75933530
479366161
189463785
690583971
429411494
661058931
351974778
219591837
799512955
197139641
588885782
914013777
696815451
610709487
33698119
577062335
55470195
188375414
901846435
27676023
909828094
302981062
600205176
20586980
891853922
425300191
587813246
295077998
265603220
130014126
388089828
653061814
766083856
459888145
492775735
545445547
449778481
283058756
76741284
296042708
612581838
293859126
212411973
692776285
167410812
875640068
247201619
677284710
557662004
269617234
257713221
688111013
448169228
382637355
187414776
225948533
380331667
196646205
701163864
689058212
989582507
28304899
607180631
183787388
28219805
401455172
496450696
352660363
26085114
194490789
251049029
91060585
733161203
959279248
358996828
929717006
822448788
579545550
67378598
460434335
874575718
592230549
885637532
220556754
12379972
318099424
938067253
414691997
996961486
360129746
258917610
146400673
502587016
170017721
40928666
186456999
115555632
518321744
330973164
547368408
533893561
746452617
435733811
827751386
639133872
28245078
892923337
861340845
985505138
893838401
369475053
914210258
52611627
878605138
465567560
563381810
577540622
815778718
646365016
32508657
794925924
188179512
482847046
313774361
743694041
290488493
615509701
660136626
385039287
400899058
958589869
749392955
950247027
777856452
965816735
794846147
836022879
924158171
28714263
797063983
730526707
146106650
63711926
599790052
123917649
341144877
938623610
745431185
360058694
346600151
920963472
547501865
269531189
681389070
687949271
39412565
814084196
87642803
587804452
607025498
273918591
53436744
678800418
681023302
828335639
424513067
395341772
881322397
749009551
44567320
404411301
333835523
824356118
336581476
283472624
353240053
350088385
810863267
815176907
212315356
668369822
547784481
505660721
448549225
104770428
630524125
753805241
772042673
403068873
825336907
523879231
4193712
610832075
344093737
623604963
573298378
789907690
56436767
770182028
605617944
590411764
295651063
2192320
636785168
70090130
121646351
911869883
307425081
178078132
233924556
705580084
714569508
901564061
542683472
976043696
968444426
862745421
752666403
23017395
274403760
785148602
230033341
729561501
40872350
569604897
800270816
431128181
670005846
960389275
124727840
5935465
463360010
64920103
678682894
962406788
247929587
224187117
785297255
29982862
733916
254595574
578959984
323915611
934307328
875273024
783053895
524052736
97166166
598518876
432356745
425852701
266283396
655068720
183667611
2585925
762587925
489143027
427875842
869477708
217308202
412609449
931489246
366779899
949852981
166940279
528589157
728556795
261878214
201331603
729139932
670614493
872493377
136201254
740142556
266952958
800602063
511984137
274407061
505177927
593329962
854932502
63505572
519064941
774925781
201527392
122712552
988331102
473987118
269861671
576382646
202691384
859878034
32111101
342693365
969686034
268437449
137490119
927835566
40054658
556063772
230007621
531626523
579236050
541458670
509210776
808122582
21517888
231781094
598713972
754410988
458748267
626436316
449399406
459627359
211186080
622510110
509356405
36465533
4705969
586961680
991613096
988215429
572902929
227514196
266605074
468595773
768712681
301856815
869858926
433138611
352370966
447363380
595165131
420270858
170776879
821844443
28189797
345471500
326456373
643169573
705578394
146741440
962704647
52675154
319683641
152663622
853607471
819334062
671559874
626598829
349763082
124956880
668804840
375703272
825656338
969642978
980500885
848680265
275560515
838695066
807169650
450256103
549256943
134304318
69342539
253498842
530955012
487452141
587827016
294043873
496808396
613665005
522909432
631544762
586190375
805722745
554137538
917777024
951571410
589885750
696225935
275820151
620247414
116765263
641317233
586338990
347546389
561687783
999059370
274315410
886066132
100966016
472375741
1090333
732235628
442168089
660802845
228018070
426069739
33825579
975023023
561910526
454261032
432530936
706144261
653807772
556127191
37685884
475629712
416557456
695389078
207042362
722402930
240842527
632356195
250174200
345888421
96019527
753977642
987176197
811763604
267220323
495435185
294247523
546419492
671745518
565945388
689025233
41179537
349604548
20814695
715720082
624601106
68018919
116944161
470602250
726422427
810919118
726448590
993878829
872311712
874172993
287816836
942311099
62986756
34146711
555872425
721589511
746490155
145387624
795756168
247393094
681118843
559437710
205596665
90552076
746641479
891841627
926281789
6888641
902268126
384774571
947293814
918792073
241581609
635662826
688201985
222299416
76216823
505749777
195265090
117782498
256445051
194579456
17251747
616622188
686129045
50735069
369859720
522890082
21300285
965091955
898370006
73015365
851742076
467028851
345732870
132482420
470852625
896709791
944456846
628648031
308672177
632523155
65412235
566637299
83962367
916300669
945540998
731123489
696881407
228719947
599386127
516606856
160739041
944073996
57990811
993275949
89024707
776104888
704074073
70611922
38495265
710631361
17330119
579770067
415289615
518690177
529777442
12086734
837253497
465159734
292280950
706275078
528215111
556113666
787505081
498233828
759051810
21351488
452564659
138302022
536062803
160317372
151619404
439134052
138927279
91254985
624747836
236282766
513006288
76769837
321647858
942666858
545374105
904300227
493659523
666406388
913168081
856529430
863577633
306314031
945058892
239872037
943113066
743274893
777688633
348848154
954736074
329961272
537411683
668048226
785294949
725585154
906845538
41094304
872915313
22678396
4497905
923031776
878511407
332324865
407232960
522104277
730477895
260917539
326494323
519526196
142883400
623072849
425204338
606561758
600428254
342826584
143679401
520698116
815359030
515384110
10059261
127146355
505257845
80058887
710538779
838374021
42604685
417333998
964771238
449179230
926897225
875729572
185430340
427104002
520201499
102047193
643101345
658438544
102359001
366567687
754884847
244980714
993867924
862224309
43141471
979377543
234149686
174798392
497117503
859818453
326334057
793263371
546789503
959680440
563577687
10051832
520475308
877970848
247840462
277100506
972242894
390636982
576760470
749903988
569758744
747980928
300144836
11303589
85007256
96087972
688507728
502409314
688535208
372429693
965888827
746261188
181594929
69040121
598624146
616990840
869680469
393879124
588046790
684624830
522658074
156739406
907727042
203157840
547194840
146864408
543704536
231513656
91579412
784570860
332909263
237741378
915543178
296123495
998805902
584305698
911977082
188882301
801077526
342804160
795261633
880903154
922091472
771412776
213841576
133623531
315985829
847267124
542307971
22500771
773273723
298212573
641720470
865122556
222097182
325431144
132559910
566447728
493518921
149353445
428863570
42440699
488993370
40494823
597490353
666065313
963057026
831658339
72143768
713396568
388814422
46325842
76078788
579833217
736711487
119116399
273979031
777331285
761680477
237126305
575562214
407022206
437227052
22934655
733775372
191488158
435968929
402379375
810555916
130216363
315829548
999234211
483592976
1136014
165153389
266971874
799194274
437222742
802386568
395533904
682352591
253292419
203811084
622873910
627332365
745216126
781413706
314974335
119022650
754055279
602535528
866855558
786665067
679088952
242472808
855642385
538653019
184642697
594086372
258563454
464192905
175750986
380158969
352364497
49875141
155930328
70774900
672357077
924620264
100136276
414487216
772062850
312751483
734108449
942301254
691602524
281368190
747297261
934011619
620927736
685177014
3909493
53756764
925627865
419869700
466674680
322487283
448962272
369157986
355561809
359071343
994223381
44473337
664733268
592171403
419648428
929390983
414651093
77145563
152861912
24161442
65698863
53082240
753994093
440601396
994999472
458493347
974063733
145796388
98314578
364639415
357020977
695129931
696458548
56380848
817470209
751811933
508792503
123958454
544247287
248472359
635631093
929443045
405240766
196095296
956764327
836355256
202900187
260478983
858015188
919424053
145478884
881676716
446973712
594744059
148818084
36806165
813548879
920786466
67231324
270961348
466506531
38218378
854826668
360430350
509375335
399324649
825422452
588701890
497265484
777855926
297533521
913618706
510955647
8845530
827380124
76685704
502287803
350724519
182558309
945164788
357253899
714714184
918261871
885134089
356425832
850643095
387907381
166913708
715294525
336453305
733190586
895000904
33901396
809565534
342953962
120056479
711924697
169901001
977921399
31147496
453746135
488464083
841417570
498112525
235063498
758334354
16015802
100884607
453274685
524573636
669023108
746706133
925890850
754222141
521681497
276682090
661098525
52319806
661459344
707888957
692372690
496872980
841798360
166027128
592652841
786074093
520533504
142780229
494945722
701210887
435401385
246620043
580845303
761804362
328723009
913509008
632001597
164015897
191713884
130263703
331590933
127028788
660772192
909708102
908454888
216018462
810537196
876695361
252834637
825598146
673048069
915738836
217101888
681165371
151404386
399430999
355203685
543139931
98482624
11241579
153911155
745660768
198551067
981752028
581579183
228147730
355051640
898295270
43515360
601296205
301116502
205305117
259841960
791712591
386296695
129374553
494384831
115029857
364886726
327075505
234733620
269741052
178088763
783392108
254380632
293595655
60556561
765645477
523362138
748429092
781691803
963831171
937534908
458662195
811858231
116615463
110413524
130983518
588752787
978164823
297901070
187862729
852269078
122945215
445447048
938402620
410079789
829247027
548217113
415145738
100371903
484789592
45168464
169881233
134001566
725826492
378548272
612691443
896973844
382898632
647758651
438888220
609422024
267450745
616667235
554057554
160407082
490528341
668437818
37863609
886074512
734751040
732784678
789533353
921072709
907177868
412829639
702748111
81048231
895429765
205819241
582566905
701807835
676958454
251403934
628243877
799936301
743131226
639327898
18288459
843011312
620545974
480283467
826590510
969243205
968085726
528648376
458240922
539068557
853243092
272264944
302313740
387292486
794440654
258031441
813778214
146701351
24343176
828879994
458951113
377667942
844768327
400862882
600364217
716084078
188103324
80924144
191237713
420133487
236952621
806315700
40154756
620369673
343474365
596492467
97616964
781162714
278931518
827583625
267692547
442758192
121537012
981823835
90930285
924875290
48091619
101676693
496245194
375873244
19569902
949333795
905387524
193719940
356578928
54954048
336941358
614266958
29591721
612353165
857844748
771212871
951021403
524764690
752224860
436197682
122237419
590636741
17253320
372508576
885335641
109151010
23802476
38709725
584061154
233657871
402393028
154755539
50202472
898174081
73364759
716075617
291686706
702646919
907533226
695939442
281418213
496227261
213188482
404543307
117582297
901335054
863747715
102221117
436470948
435969572
93653741
319987834
431252504
747059611
950212086
135189646
209919421
22366989
597663102
688440426
995433208
252156250
839563131
35618627
960469716
66169304
184809387
124065397
634225790
632704260
649487738
548445443
56147374
279991233
124640942
496387009
55464079
67761108
422176034
908070052
338451676
19282835
740895101
251724612
585050058
826671218
687164358
427073110
151937571
984136919
65777985
443147348
948385027
385051242
36265415
251103236
178859123
311613193
880183590
691975265
632133708
838887856
710554184
709531117
46978894
196079426
532021536
866147896
362478508
184090783
421560716
423799594
275136680
448701645
693621406
641221351
966133868
733222057
633358134
653831872
959935244
826749584
909503147
298617361
791278222
949198722
278589258
916701644
96685193
227945904
883394858
13322830
855424175
697367663
900886475
49280681
904792138
663678237
477805137
560672137
859567702
745361622
884267455
131417911
935929060
510486809
101178437
889393060
741626876
116774170
721788986
334074487
906805361
577754101
14711695
284279725
52299276
452047937
335915898
780916747
62607234
645229839
169372606
81700550
376721051
848241638
91374444
909627492
63326594
999459976
469143767
869080351
973138356
105360965
336265565
385298820
35690840
667650497
891699803
624211331
297858329
531047746
873742980
176524489
607016575
310097196
772145437
244977249
981294599
61578917
448081754
942478890
486409383
922397195
423077026
978539748
815534886
526945112
247796350
212694758
808788664
998918510
62169750
146127344
59012631
583356771
716779688
12612050
635379113
988254192
156680273
130534698
318048678
14719495
974711862
208032017
277053591
469389048
254274297
69603291
107100984
65290371
284014376
677145574
820885399
467848865
138135795
432099379
855600025
932280564
142730936
56611910
334734304
819404978
181847688
104062694
578447139
745322985
106453207
298576838
246079708
873408702
78210743
630110475
453320985
967702152
533032066
843278280
661578020
846526631
655505373
907191117
304776803
665765642
109455744
322758781
611743344
116728402
824761970
773411900
668068984
462872696
769160502
106600136
857474474
222577987
325658928
829849723
284611737
206295500
676749789
946945063
852179208
161875701
870093455
963408697
648462797
555352294
36032992
418140223
712142584
308062108
916303627
883708909
670374405
123469020
745590051
5694303
739709677
17848369
623951548
370197339
987856138
268412998
758229954
967073790
112669844
131044966
889395717
227243972
90947396
35052924
834439546
358522585
660102014
612864393
102312042
980339933
256169665
126288052
959193782
697626592
101559506
810358398
564290478
523987653
985602053
422246209
869760586
202028895
82468532
568018213
645042227
431299115
982180660
158759585
765629585
743010464
807365868
956075668
828273584
751365740
831720156
651536995
697142376
119123460
885144368
417672847
575089473
761203403
479821814
547716180
328593372
37590553
700266582
128718262
699669165
365086855
945091102
995973778
550450786
517259042
911757250
183377958
781347991
431782853
453298464
625462940
640824527
667972941
256483921
779210842
313136853
921626744
411923509
832809024
531523146
543842084
845496951
976750019
791370234
587202256
820730736
290302778
15891453
962319524
398842818
904636689
159156028
310979568
131672978
67023446
440972552
589081168
682830312
304304462
343495595
607504453
428086328
392053127
318778210
902594095
653784948
424805140
331706757
428244447
504109811
776534682
453246413
374681023
700534811
561990827
378942665
541859067
177209317
703655233
224102457
166218284
97616893
958432541
519679714
129751914
397220459
938657527
931842335
759597174
966716943
542628247
31090141
839609488
544117682
60744581
968104633
180063179
98179276
320612300
322628396
487509824
674406261
305358066
576766473
966982562
112496795
856928106
298892369
570968877
272460180
771365613
882569979
896152230
325247086
598964562
831813965
258878789
315613387
421209420
586237032
623111314
560629790
326961133
248687110
677005453
510042781
843373462
575823582
89720399
187055457
992912398
938953845
539230054
116238794
142283311
181001004
125251148
669692600
362631835
840288845
153403549
351449320
327085733
603621233
798124796
588344200
341936768
441003693
585627853
676547190
888773406
891915296
384125026
944960227
369307119
339008399
706532040
566650605
356631211
320347552
398119277
31194184
916055767
280005873
613192277
717104636
700012217
8948310
292342498
945605447
132064851
305612000
246898146
855472043
909615751
227404606
8220685
378763039
241832658
669569209
866396397
480954941
40630396
383859233
833828816
554752339
753736457
41627654
736732255
260351177
743380290
166370672
946310559
945227346
779964734
681685401
61788012
912094275
71382013
656340781
35854420
699733562
29723594
458167843
65447487
165424955
882087912
89734281
606082494
318365040
746004383
864570299
507616015
236831156
40560559
224730159
904802221
271348465
757913768
926578874
851443297
514200433
464374384
35568657
973863296
127737973
481180079
60753373
808743172
628145837
363779155
225587660
380216563
456525363
783381691
845441430
621548405
916915944
109363186
213886266
513974701
109037229
626921647
652852630
882687272
521595510
78194292
212823462
813122392
575557575
366499454
150761147
779040764
43262904
820819421
830125042
854964080
192682027
244811086
103558245
669849543
203780220
349863680
217065123
889791577
866434937
900980880
324347752
517853885
801907962
165439283
56403463
585918854
653663576
822167501
760967709
513871889
803295117
164168674
14612340
634007574
230643543
180416496
573124790
631429946
15216475
455528871
364073424
217808417
435259931
407262707
851396876
461857536
950806922
113832680
899650882
118197196
711430509
679454044
931492270
400193755
466399508
685668274
933584167
807528680
452022333
274865918
347492813
54923707
947746938
685723572
480365404
91520340
184313838
374057692
392425382
766731574
873102984
409070384
427306408
633029860
435536069
332920534
809526545
932645132
252305049
39538863
589394749
145144888
283461249
150332355
933797086
512536066
191061147
884880886
86625920
27207180
730931694
392023221
425431374
102782770
113038259
740610779
970873492
688575829
816443318
925767999
589262749
78624476
624505018
936976883
115032958
78937621
466603588
649403602
682196823
450058897
76135251
227047319
296469408
606477411
300288232
763464157
686214879
121952196
841406663
831450480
920627642
419496296
533372916
790854421
263965305
119784433
439349865
111007624
965383017
171012099
683950412
2173957
191188846
736954521
887083729
486005545
171996549
478944424
782220633
870255817
573477194
332892270
859409525
322253290
500998577
958161536
370868185
364072722
219393888
361888723
334643377
439555509
980821071
778503265
619485232
486732583
921483234
588146972
475719493
812413659
532768727
903016407
233081304
892327112
835417589
339962147
80200711
557933328
726876093
862241908
979553406
674781787
948904134
210215914
290909394
28886640
168750088
355368313
389816089
867642065
704074959
161281630
635285535
69175897
617466554
131937636
316081853
41049512
941743179
950772439
779994196
676489820
674031035
53849103
508034152
312430393
496223056
38818862
798544225
488160356
949435456
996181986
678559509
439744493
203718225
213098761
27127018
864890032
104674133
151753946
391388538
672459406
193314334
661063432
408997360
706054956
891705987
770737289
184074763
568169142
641509079
388525541
212748734
761792584
216094106
965651399
878876666
832330255
31847141
172077685
578916589
531152830
18783638
168046359
162967004
389266236
81915979
396725543
781879471
343322985
912765980
268341310
849247680
443932053
531275555
720978444
857809119
516352948
421892051
420995094
53010507
347224011
134742733
237266335
640878467
419599127
213737144
431223155
282864701
135238756
798520605
845995237
657868156
445045523
358374957
76604343
29407334
755278955
480913222
444135305
401329376
333072949
555458440
673306141
135482084
934455291
763778003
510277224
645381054
819359904
850585830
941818597
279222051
200800586
306811034
699204899
129503682
458084953
685943761
313734321
738285564
86506278
431988150
625847270
465436752
442014854
908019196
745206274
305226267
649876245
585228903
976786437
411699661
891892370
516336326
19795374
274511233
755380382
11678088
251135248
241355660
497749790
988574648
346894036
195058812
309994178
691869128
730092464
656688351
791757811
518671174
940323813
35794671
16663823
703922300
86750321
140147216
369094618
842191192
985101006
241413105
842008857
349977429
719991796
501874749
882636872
760393293
994740416
634260839
933901399
446565092
507708752
230488446
276795675
190113791
610441288
979854071
220824141
990845544
930727738
707164159
613703258
451193494
833942620
107669397
730461071
692550924
299321628
952272434
26797431
628724493
752904424
621579148
203331604
961887726
751868139
460602507
829387124
125226096
300114112
682147250
87226493
447069632
9358271
780664769
541770955
78372653
976979832
111034616
721608240
145563080
762057529
653596178
615750736
115628998
410358678
168069879
176088163
199047581
11242150
250877655
427288437
571910518
679511801
938656329
356539927
669050482
537903367
299632348
867278951
752032128
328302837
678237951
688625338
849068539
226363778
136405335
592753092
746156630
164825881
702128425
851692315
180449382
590944213
292353886
359656022
112906306
83097309
615161543
205686240
151414190
647482262
479275406
928390445
546731412
840125806
434639315
20358600
471943434
715359603
745829260
677425912
264097022
906631602
238651219
186976101
376512844
170982839
923147445
218906286
902161485
290857878
927462770
631084140
620932724
361145238
918832940
177720376
930742880
662280633
192466559
31027377
800836545
662378301
533595032
714662101
429812132
926358956
565991090
224404416
550090388
611337457
520860278
410514279
781117739
82686555
934777899
796851645
855900120
804140931
765167025
203393329
754016469
983323912
577289929
6367199
178954859
143226755
970561600
895498712
992400320
593954974
164477007
481836362
426851985
830901209
777446588
465315678
788538750
649212688
128014283
291052305
783074361
659966227
753737238
926231433
593943587
50227686
526902595
144052081
835825580
180391513
296225407
44125706
35538634
491390132
598990645
891016721
608333773
870995975
984781038
728747319
447848749
352679493
431428453
342368363
179430839
987279769
958232286
539360600
631308333
423722164
646789649
448109530
960125405
217744614
211317548
411580756
277097617
322708970
952117761
324936318
879262387
129477816
253347297
525492339
460233959
555630723
147226856
997134266
41888681
591406174
248570984
168535754
729240446
104313877
659446053
391826932
960434167
244571343
600961150
353557418
24956165
75745513
131967876
156015902
353378105
907110596
208362064
655657161
908905404
612539190
518389243
401056061
436597751
573223720
999986985
837632674
983133363
52498224
373089758
878177744
247583053
999859553
953841350
505516936
723204852
37102539
687508887
652543133
971207573
410032304
828121866
3140366
415253727
312988312
160218317
43356533
618955047
956209193
44799997
279395951
414828678
707490790
830736851
625842719
433090480
566265333
180909654
111852260
760560049
21722462
456284692
154911767
425995968
755020629
401927320
514592904
900394803
681334538
301721049
543616860
466401365
37465041
730879284
272640774
693183209
875817729
339250482
406455545
356833056
138188902
749156584
813371654
720667089
457510389
893313873
4741202
307276294
499393429
384959912
706428437
48865641
960637944
636078575
121713132
548973307
941084125
369813730
108241370
813230586
338808894
847590015
632038594
925401927
114343225
114904641
438232158
809566303
287971307
938271005
756205581
466182968
606080042
813180090
342293892
478027537
723067383
51212076
550465812
516595408
82393874
109525649
980385301
417450900
207631625
966181352
242047798
166327510
70628826
814352142
131514348
717194183
804144419
548200815
380707204
870543442
667654702
807052346
360113251
413462968
534432913
260631758
494935864
437640151
327603798
438628291
160522601
513233500
928932230
597819402
142226047
69368958
426256244
186640534
312758122
188517913
681417822
733190314
181869460
772863111
107863275
124058152
509524527
288343632
952394743
618503833
179086379
65527075
930216650
664742526
744496239
529075309
236774537
873725362
983612538
302214249
595003958
33293601
869214114
914689628
512646789
546193123
203292644
279892982
513477486
722060352
72305193
642616075
755512437
313357639
712999913
227836933
179987101
491199235
840122443
718551637
696909994
743162796
587155192
103044295
588442630
183126755
827798156
66064984
75358522
982710720
318173703
375680917
173700320
124666713
715888411
374151724
12014792
583942367
223854188
644367434
863155593
965375946
871568053
227584819
668466754
404632999
171489699
400670240
950825410
121406582
399987817
495090365
387167998
448357848
859507536
679911871
847210876
897821742
240785065
760144523
654087933
666023169
543047848
900193131
878880146
944538720
922435773
458261868
403016078
243466033
436835572
455853183
306318350
616843516
113062625
29327976
791207284
174619430
640689809
701876799
663207595
204393581
762754119
88288083
931976923
531346153
658599430
267452249
480922426
922042240
955253921
318294665
214218624
527958196
64923579
419786785
836178046
436083504
657056903
417418888
25763786
466870305
892110067
705893495
103128170
955238815
791248910
90599600
745397777
233823820
974113275
798465298
777801848
230248472
795135388
826361557
848531923
902888760
223017789
304671140
317489201
658661481
694705966
713318206
554385065
28768540
414054456
548515804
622725083
929214039
769493732
288488599
114825536
23136368
155022361
784115471
156461098
555480455
253713194
699977556
357687378
545196627
208402691
382853970
830278553
796736318
881759169
181462201
650505607
520747314
94812942
438100369
57067915
510593556
424276236
531064892
350290723
531066486
239578142
471163334
732270589
48834828
633859806
267089730
983036000
832187354
311522479
804275278
825523551
834690297
401523122
658681994
740362945
327630970
687530057
829582848
11704299
768681157
748206316
117358309
297177249
760892151
274035522
589605062
733281282
385734462
544529192
380376186
711576533
876352510
700311150
494409692
635668949
584787783
369516834
507867128
317872480
740831789
127254556
287824678
635677212
364869604
866205869
684972338
517289182
363918487
113232897
632263436
395823707
823700567
732006004
367472925
350415540
649269337
621651838
590224873
895972816
101744260
130575054
932276140
4088419
944121209
80594945
876508676
554416399
987067298
459584844
783911885
641387895
240633773
715503330
658279243
738688143
482953641
651294237
519847032
50442337
983016515
173518228
219477049
611042096
697560642
770790453
940535217
778817015
440020666
812084716
469946823
913381364
22530054
917740860
371696413
690951322
253671920
869404220
47425491
181914752
908324048
714234059
503048460
795790664
789541572
628636500
752143259
585991426
461578169
393148532
441443833
546529158
868139597
139308988
389242078
424988450
846888842
369582073
890241371
967855057
648880823
444390282
999655247
807100951
10430907
443775848
848830988
35515466
914185040
473783057
385156760
487264431
73085863
52047840
768911654
712917633
650414025
340672103
584551780
300539229
144497284
352328237
881796425
523582104
197067992
926499411
832876479
168785989
271327993
888049242
779913710
991182643
692856242
756675510
426267313
193723867
132493214
938297386
900384766
77024138
180260020
307128425
547415203
747936675
73164092
602733866
756864430
773558672
814207265
579632122
994645622
78638947
16543846
740721771
199549197
289272439
699870300
124558391
831006558
493966612
627113848
306735914
631413864
531130760
923922402
172009280
954538048
699048026
509694728
404065963
674999996
121495463
471633273
24840219
381516218
449087040
433423994
159536439
983313626
857883592
180845324
668390083
406046348
267289641
157140279
90300930
589809950
36086026
264038262
848513514
937148020
700236278
83986390
408243880
340085712
58237158
405628047
566789578
376261432
877088992
89859571
691038201
350528829
397026816
815349687
662824167
846450809
614625679
708337343
618317679
631198637
152858816
581702385
808758682
140038080
205724818
50591819
984320683
893856275
633855606
863605380
936834848
449148766
311218349
758799580
327329103
758718457
320187046
273729549
730752881
157493453
549903075
303267427
279625309
271237374
245504742
640286592
279876327
670946382
199261723
927041150
239170267
236968350
291597764
614883999
45892891
467835333
611044773
393873503
609511946
134799116
673079146
225535197
835371220
153266490
951620792
755351740
602069011
363743977
930251799
553992913
645025605
666900356
453208796
796752405
254073850
185063094
188025212
530164571
450477320
247595842
532353165
125315870
532815136
603103888
143206992
419168353
998865349
151917347
242799171
789468591
809848220
536748384
259201299
377272131
324511599
358492573
610863598
24862777
755568748
628193887
335686366
560359382
843720202
683365896
866067805
745286538
164705406
36471465
270303922
235997631
723215903
936337856
555090793
25653257
257376259
604322669
338108959
43543439
158900644
831422573
684317086
640343425
252845905
182276309
273237517
240907841
427029163
995182572
887660504
916414297
